Started GET "/" for ::1 at 2021-04-01 07:32:38 -0400
  [1m[35m (1.6ms)[0m  [1m[34mSELECT sqlite_version(*)[0m
Processing by Rails::WelcomeController#index as HTML
  Rendering /home/mihndim/.rbenv/versions/3.0.0/lib/ruby/gems/3.0.0/gems/railties-6.1.3.1/lib/rails/templates/rails/welcome/index.html.erb
  Rendered /home/mihndim/.rbenv/versions/3.0.0/lib/ruby/gems/3.0.0/gems/railties-6.1.3.1/lib/rails/templates/rails/welcome/index.html.erb (Duration: 11.3ms | Allocations: 522)
Completed 200 OK in 34ms (Views: 17.8ms | ActiveRecord: 0.0ms | Allocations: 6826)


Started GET "/" for ::1 at 2021-04-01 07:32:59 -0400
  [1m[35m (1.0ms)[0m  [1m[34mSELECT sqlite_version(*)[0m
Processing by Rails::WelcomeController#index as HTML
  Rendering /home/mihndim/.rbenv/versions/3.0.0/lib/ruby/gems/3.0.0/gems/railties-6.1.3.1/lib/rails/templates/rails/welcome/index.html.erb
  Rendered /home/mihndim/.rbenv/versions/3.0.0/lib/ruby/gems/3.0.0/gems/railties-6.1.3.1/lib/rails/templates/rails/welcome/index.html.erb (Duration: 12.4ms | Allocations: 418)
Completed 200 OK in 30ms (Views: 15.1ms | ActiveRecord: 0.0ms | Allocations: 5713)


Started GET "/" for ::1 at 2021-04-01 08:03:53 -0400
  [1m[35m (0.9ms)[0m  [1m[34mSELECT sqlite_version(*)[0m
Processing by Rails::WelcomeController#index as HTML
  Rendering /home/mihndim/.rbenv/versions/3.0.0/lib/ruby/gems/3.0.0/gems/railties-6.1.3.1/lib/rails/templates/rails/welcome/index.html.erb
  Rendered /home/mihndim/.rbenv/versions/3.0.0/lib/ruby/gems/3.0.0/gems/railties-6.1.3.1/lib/rails/templates/rails/welcome/index.html.erb (Duration: 8.5ms | Allocations: 418)
Completed 200 OK in 25ms (Views: 12.3ms | ActiveRecord: 0.0ms | Allocations: 5728)


Started GET "/home/index" for ::1 at 2021-04-01 08:04:03 -0400
Processing by HomeController#index as HTML
  Rendering layout layouts/application.html.erb
  Rendering home/index.html.erb within layouts/application
  Rendered home/index.html.erb within layouts/application (Duration: 1.0ms | Allocations: 110)
[Webpacker] Compiling...
[Webpacker] Compiled all packs in /home/mihndim/RoR/Friendslist-/public/packs
[Webpacker] Hash: ce14c115e350524bb5a9
Version: webpack 4.46.0
Time: 2071ms
Built at: 04/01/2021 8:04:07 AM
                                     Asset       Size       Chunks                         Chunk Names
    js/application-b43fa54005da8e229d8c.js    125 KiB  application  [emitted] [immutable]  application
js/application-b43fa54005da8e229d8c.js.map    139 KiB  application  [emitted] [dev]        application
                             manifest.json  364 bytes               [emitted]              
Entrypoint application = js/application-b43fa54005da8e229d8c.js js/application-b43fa54005da8e229d8c.js.map
[./app/javascript/channels sync recursive _channel\.js$] ./app/javascript/channels sync _channel\.js$ 160 bytes {application} [built]
[./app/javascript/channels/index.js] 211 bytes {application} [built]
[./app/javascript/packs/application.js] 492 bytes {application} [built]
[./node_modules/webpack/buildin/module.js] (webpack)/buildin/module.js 552 bytes {application} [built]
    + 3 hidden modules

  Rendered layout layouts/application.html.erb (Duration: 4027.9ms | Allocations: 14372)
Completed 200 OK in 4039ms (Views: 4031.8ms | ActiveRecord: 0.0ms | Allocations: 18256)


Started GET "/home/index" for ::1 at 2021-04-01 09:53:28 -0400
Processing by HomeController#index as HTML
  Rendering layout layouts/application.html.erb
  Rendering home/index.html.erb within layouts/application
  Rendered home/index.html.erb within layouts/application (Duration: 0.1ms | Allocations: 37)
[Webpacker] Everything's up-to-date. Nothing to do
  Rendered layout layouts/application.html.erb (Duration: 8.0ms | Allocations: 2880)
Completed 200 OK in 10ms (Views: 8.9ms | Allocations: 3343)


